04/16/2022 09:36:29 PM - ProductionManager__5 - INFO - 
 #############################################################################
04/16/2022 09:36:29 PM - ProductionManager__5 - INFO - StartState: WaitforNewOrder
04/16/2022 09:36:29 PM - ProductionManager__5 - INFO - InputDocument : ProductionOrder
04/16/2022 09:39:08 PM - ProductionManager__5 - INFO - 
 #############################################################################
04/16/2022 09:39:08 PM - ProductionManager__5 - INFO - StartState: WaitforNewOrder
04/16/2022 09:39:08 PM - ProductionManager__5 - INFO - InputDocument : ProductionOrder
04/16/2022 10:48:44 PM - ProductionManager__5 - INFO - 
 #############################################################################
04/16/2022 10:48:44 PM - ProductionManager__5 - INFO - StartState: WaitforNewOrder
04/16/2022 10:48:44 PM - ProductionManager__5 - INFO - InputDocument : ProductionOrder
04/16/2022 11:01:48 PM - ProductionManager__5 - INFO - 
 #############################################################################
04/16/2022 11:01:48 PM - ProductionManager__5 - INFO - StartState: WaitforNewOrder
04/16/2022 11:01:48 PM - ProductionManager__5 - INFO - InputDocument : ProductionOrder
04/16/2022 11:06:36 PM - ProductionManager__5 - INFO - 
 #############################################################################
04/16/2022 11:06:36 PM - ProductionManager__5 - INFO - StartState: WaitforNewOrder
04/16/2022 11:06:36 PM - ProductionManager__5 - INFO - InputDocument : ProductionOrder
04/16/2022 11:07:44 PM - ProductionManager__5 - INFO - 
 #############################################################################
04/16/2022 11:07:44 PM - ProductionManager__5 - INFO - StartState: WaitforNewOrder
04/16/2022 11:07:44 PM - ProductionManager__5 - INFO - InputDocument : ProductionOrder
04/17/2022 12:12:16 AM - ProductionManager__5 - INFO - 
 #############################################################################
04/17/2022 12:12:16 AM - ProductionManager__5 - INFO - StartState: WaitforNewOrder
04/17/2022 12:12:16 AM - ProductionManager__5 - INFO - InputDocument : ProductionOrder
04/17/2022 12:16:35 AM - ProductionManager__5 - INFO - 
 #############################################################################
04/17/2022 12:16:35 AM - ProductionManager__5 - INFO - StartState: WaitforNewOrder
04/17/2022 12:16:35 AM - ProductionManager__5 - INFO - InputDocument : ProductionOrder
04/17/2022 12:18:59 AM - ProductionManager__5 - INFO - 
 #############################################################################
04/17/2022 12:18:59 AM - ProductionManager__5 - INFO - StartState: WaitforNewOrder
04/17/2022 12:18:59 AM - ProductionManager__5 - INFO - InputDocument : ProductionOrder
04/17/2022 12:27:43 AM - ProductionManager__5 - INFO - 
 #############################################################################
04/17/2022 12:27:43 AM - ProductionManager__5 - INFO - StartState: WaitforNewOrder
04/17/2022 12:27:43 AM - ProductionManager__5 - INFO - InputDocument : ProductionOrder
04/17/2022 12:29:11 AM - ProductionManager__5 - INFO - 
 #############################################################################
04/17/2022 12:29:11 AM - ProductionManager__5 - INFO - StartState: WaitforNewOrder
04/17/2022 12:29:12 AM - ProductionManager__5 - INFO - InputDocument : ProductionOrder
04/17/2022 12:29:56 AM - ProductionManager__5 - INFO - 
 #############################################################################
04/17/2022 12:29:56 AM - ProductionManager__5 - INFO - StartState: WaitforNewOrder
04/17/2022 12:29:56 AM - ProductionManager__5 - INFO - InputDocument : ProductionOrder
04/17/2022 08:24:16 AM - ProductionManager__5 - INFO - 
 #############################################################################
04/17/2022 08:24:16 AM - ProductionManager__5 - INFO - StartState: WaitforNewOrder
04/17/2022 08:24:16 AM - ProductionManager__5 - INFO - InputDocument : ProductionOrder
04/17/2022 08:30:22 AM - ProductionManager__5 - INFO - 
 #############################################################################
04/17/2022 08:30:22 AM - ProductionManager__5 - INFO - StartState: WaitforNewOrder
04/17/2022 08:30:22 AM - ProductionManager__5 - INFO - InputDocument : ProductionOrder
04/17/2022 08:32:40 AM - ProductionManager__5 - INFO - 
 #############################################################################
04/17/2022 08:32:40 AM - ProductionManager__5 - INFO - StartState: WaitforNewOrder
04/17/2022 08:32:40 AM - ProductionManager__5 - INFO - InputDocument : ProductionOrder
04/17/2022 08:48:37 AM - ProductionManager__5 - INFO - 
 #############################################################################
04/17/2022 08:48:37 AM - ProductionManager__5 - INFO - StartState: WaitforNewOrder
04/17/2022 08:48:37 AM - ProductionManager__5 - INFO - InputDocument : ProductionOrder
04/18/2022 12:25:14 PM - ProductionManager__5 - INFO - 
 #############################################################################
04/18/2022 12:25:14 PM - ProductionManager__5 - INFO - StartState: WaitforNewOrder
04/18/2022 12:25:14 PM - ProductionManager__5 - INFO - InputDocument : ProductionOrder
04/18/2022 12:31:32 PM - ProductionManager__5 - INFO - 
 #############################################################################
04/18/2022 12:31:32 PM - ProductionManager__5 - INFO - StartState: WaitforNewOrder
04/18/2022 12:31:32 PM - ProductionManager__5 - INFO - InputDocument : ProductionOrder
04/18/2022 12:34:38 PM - ProductionManager__5 - INFO - 
 #############################################################################
04/18/2022 12:34:38 PM - ProductionManager__5 - INFO - StartState: WaitforNewOrder
04/18/2022 12:34:38 PM - ProductionManager__5 - INFO - InputDocument : ProductionOrder
04/18/2022 12:36:25 PM - ProductionManager__5 - INFO - 
 #############################################################################
04/18/2022 12:36:25 PM - ProductionManager__5 - INFO - StartState: WaitforNewOrder
04/18/2022 12:36:25 PM - ProductionManager__5 - INFO - InputDocument : ProductionOrder
04/18/2022 12:37:32 PM - ProductionManager__5 - INFO - 
 #############################################################################
04/18/2022 12:37:32 PM - ProductionManager__5 - INFO - StartState: WaitforNewOrder
04/18/2022 12:37:32 PM - ProductionManager__5 - INFO - InputDocument : ProductionOrder
04/18/2022 03:45:12 PM - ProductionManager__5 - INFO - 
 #############################################################################
04/18/2022 03:45:12 PM - ProductionManager__5 - INFO - StartState: WaitforNewOrder
04/18/2022 03:45:12 PM - ProductionManager__5 - INFO - InputDocument : ProductionOrder
04/18/2022 03:49:01 PM - ProductionManager__5 - INFO - 
 #############################################################################
04/18/2022 03:49:01 PM - ProductionManager__5 - INFO - StartState: WaitforNewOrder
04/18/2022 03:49:01 PM - ProductionManager__5 - INFO - InputDocument : ProductionOrder
04/18/2022 03:51:06 PM - ProductionManager__5 - INFO - 
 #############################################################################
04/18/2022 03:51:06 PM - ProductionManager__5 - INFO - StartState: WaitforNewOrder
04/18/2022 03:51:06 PM - ProductionManager__5 - INFO - InputDocument : ProductionOrder
04/18/2022 04:23:23 PM - ProductionManager__5 - INFO - 
 #############################################################################
04/18/2022 04:23:23 PM - ProductionManager__5 - INFO - StartState: WaitforNewOrder
04/18/2022 04:23:23 PM - ProductionManager__5 - INFO - InputDocument : ProductionOrder
04/18/2022 11:24:16 PM - ProductionManager__5 - INFO - 
 #############################################################################
04/18/2022 11:24:16 PM - ProductionManager__5 - INFO - StartState: WaitforNewOrder
04/18/2022 11:24:16 PM - ProductionManager__5 - INFO - InputDocument : ProductionOrder
04/19/2022 08:48:47 AM - ProductionManager__5 - INFO - 
 #############################################################################
04/19/2022 08:48:47 AM - ProductionManager__5 - INFO - StartState: WaitforNewOrder
04/19/2022 08:48:47 AM - ProductionManager__5 - INFO - InputDocument : ProductionOrder
04/19/2022 10:45:04 AM - ProductionManager__5 - INFO - 
 #############################################################################
04/19/2022 10:45:04 AM - ProductionManager__5 - INFO - StartState: WaitforNewOrder
04/19/2022 10:45:04 AM - ProductionManager__5 - INFO - InputDocument : ProductionOrder
04/19/2022 10:53:21 AM - ProductionManager__5 - INFO - 
 #############################################################################
04/19/2022 10:53:21 AM - ProductionManager__5 - INFO - StartState: WaitforNewOrder
04/19/2022 10:53:21 AM - ProductionManager__5 - INFO - InputDocument : ProductionOrder
04/19/2022 10:54:40 AM - ProductionManager__5 - INFO - 
 #############################################################################
04/19/2022 10:54:40 AM - ProductionManager__5 - INFO - StartState: WaitforNewOrder
04/19/2022 10:54:40 AM - ProductionManager__5 - INFO - InputDocument : ProductionOrder
04/19/2022 10:56:01 AM - ProductionManager__5 - INFO - 
 #############################################################################
04/19/2022 10:56:02 AM - ProductionManager__5 - INFO - StartState: WaitforNewOrder
04/19/2022 10:56:02 AM - ProductionManager__5 - INFO - InputDocument : ProductionOrder
04/19/2022 11:05:24 AM - ProductionManager__5 - INFO - 
 #############################################################################
04/19/2022 11:05:24 AM - ProductionManager__5 - INFO - StartState: WaitforNewOrder
04/19/2022 11:05:24 AM - ProductionManager__5 - INFO - InputDocument : ProductionOrder
04/19/2022 11:06:42 AM - ProductionManager__5 - INFO - 
 #############################################################################
04/19/2022 11:06:42 AM - ProductionManager__5 - INFO - StartState: WaitforNewOrder
04/19/2022 11:06:42 AM - ProductionManager__5 - INFO - InputDocument : ProductionOrder
04/19/2022 11:23:18 AM - ProductionManager__5 - INFO - 
 #############################################################################
04/19/2022 11:23:18 AM - ProductionManager__5 - INFO - StartState: WaitforNewOrder
04/19/2022 11:23:18 AM - ProductionManager__5 - INFO - InputDocument : ProductionOrder
04/19/2022 11:24:12 AM - ProductionManager__5 - INFO - 
 #############################################################################
04/19/2022 11:24:12 AM - ProductionManager__5 - INFO - StartState: WaitforNewOrder
04/19/2022 11:24:12 AM - ProductionManager__5 - INFO - InputDocument : ProductionOrder
04/19/2022 11:38:57 AM - ProductionManager__5 - INFO - 
 #############################################################################
04/19/2022 11:38:57 AM - ProductionManager__5 - INFO - StartState: WaitforNewOrder
04/19/2022 11:38:57 AM - ProductionManager__5 - INFO - InputDocument : ProductionOrder
04/19/2022 11:40:46 AM - ProductionManager__5 - INFO - 
 #############################################################################
04/19/2022 11:40:46 AM - ProductionManager__5 - INFO - StartState: WaitforNewOrder
04/19/2022 11:40:46 AM - ProductionManager__5 - INFO - InputDocument : ProductionOrder
04/19/2022 11:41:22 AM - ProductionManager__5 - INFO - 
 #############################################################################
04/19/2022 11:41:22 AM - ProductionManager__5 - INFO - StartState: WaitforNewOrder
04/19/2022 11:41:22 AM - ProductionManager__5 - INFO - InputDocument : ProductionOrder
04/19/2022 11:42:26 AM - ProductionManager__5 - INFO - 
 #############################################################################
04/19/2022 11:42:26 AM - ProductionManager__5 - INFO - StartState: WaitforNewOrder
04/19/2022 11:42:26 AM - ProductionManager__5 - INFO - InputDocument : ProductionOrder
04/19/2022 11:44:14 AM - ProductionManager__5 - INFO - 
 #############################################################################
04/19/2022 11:44:14 AM - ProductionManager__5 - INFO - StartState: WaitforNewOrder
04/19/2022 11:44:14 AM - ProductionManager__5 - INFO - InputDocument : ProductionOrder
04/19/2022 11:45:02 AM - ProductionManager__5 - INFO - 
 #############################################################################
04/19/2022 11:45:02 AM - ProductionManager__5 - INFO - StartState: WaitforNewOrder
04/19/2022 11:45:02 AM - ProductionManager__5 - INFO - InputDocument : ProductionOrder
04/19/2022 11:55:05 AM - ProductionManager__5 - INFO - 
 #############################################################################
04/19/2022 11:55:05 AM - ProductionManager__5 - INFO - StartState: WaitforNewOrder
04/19/2022 11:55:05 AM - ProductionManager__5 - INFO - InputDocument : ProductionOrder
04/19/2022 01:02:41 PM - ProductionManager__5 - INFO - 
 #############################################################################
04/19/2022 01:02:41 PM - ProductionManager__5 - INFO - StartState: WaitforNewOrder
04/19/2022 01:02:41 PM - ProductionManager__5 - INFO - InputDocument : ProductionOrder
04/19/2022 01:05:06 PM - ProductionManager__5 - INFO - 
 #############################################################################
04/19/2022 01:05:06 PM - ProductionManager__5 - INFO - StartState: WaitforNewOrder
04/19/2022 01:05:06 PM - ProductionManager__5 - INFO - InputDocument : ProductionOrder
04/19/2022 01:09:06 PM - ProductionManager__5 - INFO - 
 #############################################################################
04/19/2022 01:09:06 PM - ProductionManager__5 - INFO - StartState: WaitforNewOrder
04/19/2022 01:09:06 PM - ProductionManager__5 - INFO - InputDocument : ProductionOrder
04/19/2022 01:12:28 PM - ProductionManager__5 - INFO - 
 #############################################################################
04/19/2022 01:12:28 PM - ProductionManager__5 - INFO - StartState: WaitforNewOrder
04/19/2022 01:12:28 PM - ProductionManager__5 - INFO - InputDocument : ProductionOrder
04/19/2022 01:16:45 PM - ProductionManager__5 - INFO - 
 #############################################################################
04/19/2022 01:16:45 PM - ProductionManager__5 - INFO - StartState: WaitforNewOrder
04/19/2022 01:16:45 PM - ProductionManager__5 - INFO - InputDocument : ProductionOrder
04/19/2022 01:18:08 PM - ProductionManager__5 - INFO - 
 #############################################################################
04/19/2022 01:18:08 PM - ProductionManager__5 - INFO - StartState: WaitforNewOrder
04/19/2022 01:18:08 PM - ProductionManager__5 - INFO - InputDocument : ProductionOrder
04/19/2022 02:50:22 PM - ProductionManager__5 - INFO - 
 #############################################################################
04/19/2022 02:50:22 PM - ProductionManager__5 - INFO - StartState: WaitforNewOrder
04/19/2022 02:50:22 PM - ProductionManager__5 - INFO - InputDocument : ProductionOrder
